{
  "RSpec": {
    "coverage": {
      "/Users/lucasdevelopment/turing/4module/quantified_self/app/models/food_meal.rb": [
        1,
        1,
        1,
        null
      ],
      "/Users/lucasdevelopment/turing/4module/quantified_self/app/models/application_record.rb": [
        1,
        1,
        null
      ],
      "/Users/lucasdevelopment/turing/4module/quantified_self/app/models/food.rb": [
        1,
        1,
        1,
        1,
        null
      ],
      "/Users/lucasdevelopment/turing/4module/quantified_self/app/models/meal.rb": [
        1,
        1,
        1,
        1,
        null
      ],
      "/Users/lucasdevelopment/turing/4module/quantified_self/app/controllers/api/v1/foods_controller.rb": [
        1,
        null,
        1,
        1,
        null,
        null,
        1,
        2,
        1,
        null,
        1,
        null,
        null,
        null,
        1,
        3,
        3,
        1,
        null,
        2,
        null,
        null,
        null,
        1,
        3,
        2,
        2,
        2,
        1,
        null,
        1,
        null,
        null,
        1,
        null,
        null,
        null,
        1,
        2,
        1,
        1,
        null,
        1,
        null,
        null,
        null,
        1,
        null,
        1,
        6,
        null,
        null,
        null
      ],
      "/Users/lucasdevelopment/turing/4module/quantified_self/app/controllers/api/v1/food_meals_controller.rb": [
        1,
        null,
        1,
        3,
        1,
        1,
        1,
        1,
        null,
        2,
        null,
        null,
        null,
        1,
        3,
        1,
        1,
        1,
        1,
        1,
        null,
        2,
        null,
        null,
        null,
        null
      ],
      "/Users/lucasdevelopment/turing/4module/quantified_self/app/controllers/api/v1/meals_controller.rb": [
        1,
        null,
        1,
        1,
        null,
        null,
        1,
        2,
        1,
        null,
        1,
        null,
        null,
        null,
        null
      ],
      "/Users/lucasdevelopment/turing/4module/quantified_self/app/serializers/meal_serializer.rb": [
        1,
        1,
        null
      ]
    },
    "timestamp": 1538517553
  }
}
