{
  "RSpec": {
    "coverage": {
      "/Users/lucasdevelopment/turing/4module/quantified_self/app/models/food_meal.rb": [
        1,
        1,
        1,
        null
      ],
      "/Users/lucasdevelopment/turing/4module/quantified_self/app/models/application_record.rb": [
        1,
        1,
        null
      ],
      "/Users/lucasdevelopment/turing/4module/quantified_self/app/models/food.rb": [
        1,
        1,
        1,
        1,
        null,
        1,
        5,
        null,
        null,
        1,
        5,
        5,
        5,
        15,
        15,
        15,
        15,
        10,
        null,
        null,
        null,
        null,
        1,
        5,
        5,
        5,
        15,
        15,
        15,
        75,
        17,
        17,
        null,
        null,
        15,
        15,
        null,
        5,
        15,
        null,
        5,
        null,
        null
      ],
      "/Users/lucasdevelopment/turing/4module/quantified_self/app/models/meal.rb": [
        1,
        1,
        1,
        1,
        null
      ],
      "/Users/lucasdevelopment/turing/4module/quantified_self/app/poros/favorite_food.rb": [
        1,
        1,
        null,
        1,
        16,
        16,
        null,
        null
      ],
      "/Users/lucasdevelopment/turing/4module/quantified_self/app/controllers/api/v1/foods_controller.rb": [
        1,
        null,
        1,
        1,
        null,
        null,
        1,
        2,
        1,
        null,
        1,
        null,
        null,
        null,
        1,
        3,
        3,
        1,
        null,
        2,
        null,
        null,
        null,
        1,
        3,
        2,
        2,
        2,
        1,
        null,
        1,
        null,
        null,
        1,
        null,
        null,
        null,
        1,
        2,
        1,
        1,
        null,
        1,
        null,
        null,
        null,
        1,
        null,
        1,
        6,
        null,
        null,
        null
      ],
      "/Users/lucasdevelopment/turing/4module/quantified_self/app/controllers/api/v1/favorite_foods_controller.rb": [
        1,
        null,
        1,
        2,
        2,
        null,
        null,
        null
      ],
      "/Users/lucasdevelopment/turing/4module/quantified_self/app/presenters/favorite_food_presenter.rb": [
        1,
        null,
        1,
        2,
        null,
        null,
        1,
        2,
        2,
        6,
        6,
        6,
        8,
        8,
        8,
        8,
        24,
        null,
        8,
        null,
        6,
        5,
        null,
        null,
        2,
        null,
        null,
        null
      ],
      "/Users/lucasdevelopment/turing/4module/quantified_self/app/controllers/api/v1/food_meals_controller.rb": [
        1,
        null,
        1,
        3,
        1,
        1,
        1,
        1,
        null,
        2,
        null,
        null,
        null,
        1,
        3,
        1,
        1,
        1,
        1,
        1,
        null,
        2,
        null,
        null,
        null,
        null
      ],
      "/Users/lucasdevelopment/turing/4module/quantified_self/app/controllers/api/v1/meals_controller.rb": [
        1,
        null,
        1,
        1,
        null,
        null,
        1,
        2,
        1,
        null,
        1,
        null,
        null,
        null,
        null
      ],
      "/Users/lucasdevelopment/turing/4module/quantified_self/app/serializers/meal_serializer.rb": [
        1,
        1,
        null
      ]
    },
    "timestamp": 1538662976
  }
}
